Flow report for synchronousreg
Tue Dec 26 23:35:09 2023
Quartus Prime Version 18.1.0 Build 625 09/12/2018 SJ Lite Edition


---------------------
; Table of Contents ;
---------------------
  1. Legal Notice
  2. Flow Summary
  3. Flow Settings
  4. Flow Non-Default Global Settings
  5. Flow Elapsed Time
  6. Flow OS Summary
  7. Flow Log
  8. Flow Messages
  9. Flow Suppressed Messages



----------------
; Legal Notice ;
----------------
Copyright (C) 2018  Intel Corporation. All rights reserved.
Your use of Intel Corporation's design tools, logic functions 
and other software and tools, and its AMPP partner logic 
functions, and any output files from any of the foregoing 
(including device programming or simulation files), and any 
associated documentation or information are expressly subject 
to the terms and conditions of the Intel Program License 
Subscription Agreement, the Intel Quartus Prime License Agreement,
the Intel FPGA IP License Agreement, or other applicable license
agreement, including, without limitation, that your use is for
the sole purpose of programming logic devices manufactured by
Intel and sold by Intel or its authorized distributors.  Please
refer to the applicable agreement for further details.



+---------------------------------------------------------------------+
; Flow Summary                                                        ;
+-----------------------+---------------------------------------------+
; Flow Status           ; Successful - Tue Dec 26 23:35:09 2023       ;
; Quartus Prime Version ; 18.1.0 Build 625 09/12/2018 SJ Lite Edition ;
; Revision Name         ; synchronousreg                              ;
; Top-level Entity Name ; flopr                                       ;
; Family                ; MAX II                                      ;
; Device                ; EPM240F100C4                                ;
; Timing Models         ; Final                                       ;
; Total logic elements  ; 4 / 240 ( 2 % )                             ;
; Total pins            ; 10 / 80 ( 13 % )                            ;
; Total virtual pins    ; 0                                           ;
; UFM blocks            ; 0 / 1 ( 0 % )                               ;
+-----------------------+---------------------------------------------+


+-----------------------------------------+
; Flow Settings                           ;
+-------------------+---------------------+
; Option            ; Setting             ;
+-------------------+---------------------+
; Start date & time ; 12/26/2023 23:32:23 ;
; Main task         ; Compilation         ;
; Revision Name     ; synchronousreg      ;
+-------------------+---------------------+


+-----------------------------------------------------------------------------------------------------------------------+
; Flow Non-Default Global Settings                                                                                      ;
+---------------------------------------+-------------------------------+----------------+-------------+----------------+
; Assignment Name                       ; Value                         ; Default Value  ; Entity Name ; Section Id     ;
+---------------------------------------+-------------------------------+----------------+-------------+----------------+
; COMPILER_SIGNATURE_ID                 ; 9413549124009.170365874212676 ; --             ; --          ; --             ;
; EDA_OUTPUT_DATA_FORMAT                ; Vhdl                          ; --             ; --          ; eda_simulation ;
; EDA_SIMULATION_TOOL                   ; ModelSim-Altera (VHDL)        ; <None>         ; --          ; --             ;
; EDA_TIME_SCALE                        ; 1 ps                          ; --             ; --          ; eda_simulation ;
; MAX_CORE_JUNCTION_TEMP                ; 85                            ; --             ; --          ; --             ;
; MIN_CORE_JUNCTION_TEMP                ; 0                             ; --             ; --          ; --             ;
; POWER_EXT_SUPPLY_VOLTAGE_TO_REGULATOR ; 3.3V                          ; --             ; --          ; --             ;
; POWER_PRESET_COOLING_SOLUTION         ; No Heat Sink With Still Air   ; --             ; --          ; --             ;
; PROJECT_OUTPUT_DIRECTORY              ; output_files                  ; --             ; --          ; --             ;
; TOP_LEVEL_ENTITY                      ; flopr                         ; synchronousreg ; --          ; --             ;
; VHDL_INPUT_VERSION                    ; VHDL_2008                     ; VHDL_1993      ; --          ; --             ;
; VHDL_SHOW_LMF_MAPPING_MESSAGES        ; Off                           ; --             ; --          ; --             ;
+---------------------------------------+-------------------------------+----------------+-------------+----------------+


+--------------------------------------------------------------------------------------------------------------------------+
; Flow Elapsed Time                                                                                                        ;
+----------------------+--------------+-------------------------+---------------------+------------------------------------+
; Module Name          ; Elapsed Time ; Average Processors Used ; Peak Virtual Memory ; Total CPU Time (on all processors) ;
+----------------------+--------------+-------------------------+---------------------+------------------------------------+
; Analysis & Synthesis ; 00:00:08     ; 1.0                     ; 4770 MB             ; 00:00:07                           ;
; Fitter               ; 00:00:01     ; 1.0                     ; 5512 MB             ; 00:00:01                           ;
; Assembler            ; 00:00:00     ; 1.0                     ; 4652 MB             ; 00:00:00                           ;
; Timing Analyzer      ; 00:00:01     ; 1.0                     ; 4671 MB             ; 00:00:01                           ;
; EDA Netlist Writer   ; 00:00:00     ; 1.0                     ; 4614 MB             ; 00:00:01                           ;
; EDA Netlist Writer   ; 00:00:00     ; 1.0                     ; 4605 MB             ; 00:00:00                           ;
; EDA Netlist Writer   ; 00:00:01     ; 1.0                     ; 4614 MB             ; 00:00:01                           ;
; Total                ; 00:00:11     ; --                      ; --                  ; 00:00:11                           ;
+----------------------+--------------+-------------------------+---------------------+------------------------------------+


+------------------------------------------------------------------------------------+
; Flow OS Summary                                                                    ;
+----------------------+------------------+------------+------------+----------------+
; Module Name          ; Machine Hostname ; OS Name    ; OS Version ; Processor type ;
+----------------------+------------------+------------+------------+----------------+
; Analysis & Synthesis ; Tanveer          ; Windows 10 ; 10.0       ; x86_64         ;
; Fitter               ; Tanveer          ; Windows 10 ; 10.0       ; x86_64         ;
; Assembler            ; Tanveer          ; Windows 10 ; 10.0       ; x86_64         ;
; Timing Analyzer      ; Tanveer          ; Windows 10 ; 10.0       ; x86_64         ;
; EDA Netlist Writer   ; Tanveer          ; Windows 10 ; 10.0       ; x86_64         ;
; EDA Netlist Writer   ; Tanveer          ; Windows 10 ; 10.0       ; x86_64         ;
; EDA Netlist Writer   ; Tanveer          ; Windows 10 ; 10.0       ; x86_64         ;
+----------------------+------------------+------------+------------+----------------+


------------
; Flow Log ;
------------
quartus_map --read_settings_files=on --write_settings_files=off synchronousreg -c synchronousreg
quartus_fit --read_settings_files=off --write_settings_files=off synchronousreg -c synchronousreg
quartus_asm --read_settings_files=off --write_settings_files=off synchronousreg -c synchronousreg
quartus_sta synchronousreg -c synchronousreg
quartus_eda --read_settings_files=off --write_settings_files=off synchronousreg -c synchronousreg
quartus_eda --gen_testbench --tool=modelsim_oem --format=vhdl --write_settings_files=off synchronousreg -c synchronousreg --vector_source=C:/Users/mrtan/Desktop/Tanveer_test/synchronousreg/Waveform.vwf --testbench_file=C:/Users/mrtan/Desktop/Tanveer_test/synchronousreg/simulation/qsim/Waveform.vwf.vht
quartus_eda --write_settings_files=off --simulation=on --functional=on --flatten_buses=off --tool=modelsim_oem --format=vhdl --output_directory=C:/Users/mrtan/Desktop/Tanveer_test/synchronousreg/simulation/qsim/ synchronousreg -c synchronousreg



