Flow report for latch
Fri Jan 05 12:09:13 2024
Quartus Prime Version 18.1.0 Build 625 09/12/2018 SJ Lite Edition


---------------------
; Table of Contents ;
---------------------
  1. Legal Notice
  2. Flow Summary
  3. Flow Settings
  4. Flow Non-Default Global Settings
  5. Flow Elapsed Time
  6. Flow OS Summary
  7. Flow Log
  8. Flow Messages
  9. Flow Suppressed Messages



----------------
; Legal Notice ;
----------------
Copyright (C) 2018  Intel Corporation. All rights reserved.
Your use of Intel Corporation's design tools, logic functions 
and other software and tools, and its AMPP partner logic 
functions, and any output files from any of the foregoing 
(including device programming or simulation files), and any 
associated documentation or information are expressly subject 
to the terms and conditions of the Intel Program License 
Subscription Agreement, the Intel Quartus Prime License Agreement,
the Intel FPGA IP License Agreement, or other applicable license
agreement, including, without limitation, that your use is for
the sole purpose of programming logic devices manufactured by
Intel and sold by Intel or its authorized distributors.  Please
refer to the applicable agreement for further details.



+---------------------------------------------------------------------+
; Flow Summary                                                        ;
+-----------------------+---------------------------------------------+
; Flow Status           ; Successful - Fri Jan 05 12:09:13 2024       ;
; Quartus Prime Version ; 18.1.0 Build 625 09/12/2018 SJ Lite Edition ;
; Revision Name         ; latch                                       ;
; Top-level Entity Name ; d_latch                                     ;
; Family                ; MAX II                                      ;
; Device                ; EPM2210F324C3                               ;
; Timing Models         ; Final                                       ;
; Total logic elements  ; 4 / 2,210 ( < 1 % )                         ;
; Total pins            ; 9 / 272 ( 3 % )                             ;
; Total virtual pins    ; 0                                           ;
; UFM blocks            ; 0 / 1 ( 0 % )                               ;
+-----------------------+---------------------------------------------+


+-----------------------------------------+
; Flow Settings                           ;
+-------------------+---------------------+
; Option            ; Setting             ;
+-------------------+---------------------+
; Start date & time ; 01/05/2024 12:08:58 ;
; Main task         ; Compilation         ;
; Revision Name     ; latch               ;
+-------------------+---------------------+


+----------------------------------------------------------------------------------------------------------------------+
; Flow Non-Default Global Settings                                                                                     ;
+---------------------------------------+-------------------------------+---------------+-------------+----------------+
; Assignment Name                       ; Value                         ; Default Value ; Entity Name ; Section Id     ;
+---------------------------------------+-------------------------------+---------------+-------------+----------------+
; COMPILER_SIGNATURE_ID                 ; 9413549124009.170448173810784 ; --            ; --          ; --             ;
; EDA_OUTPUT_DATA_FORMAT                ; Vhdl                          ; --            ; --          ; eda_simulation ;
; EDA_SIMULATION_TOOL                   ; ModelSim-Altera (VHDL)        ; <None>        ; --          ; --             ;
; EDA_TIME_SCALE                        ; 1 ps                          ; --            ; --          ; eda_simulation ;
; MAX_CORE_JUNCTION_TEMP                ; 85                            ; --            ; --          ; --             ;
; MIN_CORE_JUNCTION_TEMP                ; 0                             ; --            ; --          ; --             ;
; POWER_EXT_SUPPLY_VOLTAGE_TO_REGULATOR ; 3.3V                          ; --            ; --          ; --             ;
; POWER_PRESET_COOLING_SOLUTION         ; No Heat Sink With Still Air   ; --            ; --          ; --             ;
; PROJECT_OUTPUT_DIRECTORY              ; output_files                  ; --            ; --          ; --             ;
; TOP_LEVEL_ENTITY                      ; d_latch                       ; latch         ; --          ; --             ;
; VHDL_INPUT_VERSION                    ; VHDL_2008                     ; VHDL_1993     ; --          ; --             ;
; VHDL_SHOW_LMF_MAPPING_MESSAGES        ; Off                           ; --            ; --          ; --             ;
+---------------------------------------+-------------------------------+---------------+-------------+----------------+


+--------------------------------------------------------------------------------------------------------------------------+
; Flow Elapsed Time                                                                                                        ;
+----------------------+--------------+-------------------------+---------------------+------------------------------------+
; Module Name          ; Elapsed Time ; Average Processors Used ; Peak Virtual Memory ; Total CPU Time (on all processors) ;
+----------------------+--------------+-------------------------+---------------------+------------------------------------+
; Analysis & Synthesis ; 00:00:08     ; 1.0                     ; 4770 MB             ; 00:00:07                           ;
; Fitter               ; 00:00:01     ; 1.0                     ; 5522 MB             ; 00:00:01                           ;
; Assembler            ; 00:00:01     ; 1.0                     ; 4652 MB             ; 00:00:00                           ;
; Timing Analyzer      ; 00:00:00     ; 1.0                     ; 4676 MB             ; 00:00:01                           ;
; EDA Netlist Writer   ; 00:00:01     ; 1.0                     ; 4616 MB             ; 00:00:00                           ;
; Total                ; 00:00:11     ; --                      ; --                  ; 00:00:09                           ;
+----------------------+--------------+-------------------------+---------------------+------------------------------------+


+------------------------------------------------------------------------------------+
; Flow OS Summary                                                                    ;
+----------------------+------------------+------------+------------+----------------+
; Module Name          ; Machine Hostname ; OS Name    ; OS Version ; Processor type ;
+----------------------+------------------+------------+------------+----------------+
; Analysis & Synthesis ; Tanveer          ; Windows 10 ; 10.0       ; x86_64         ;
; Fitter               ; Tanveer          ; Windows 10 ; 10.0       ; x86_64         ;
; Assembler            ; Tanveer          ; Windows 10 ; 10.0       ; x86_64         ;
; Timing Analyzer      ; Tanveer          ; Windows 10 ; 10.0       ; x86_64         ;
; EDA Netlist Writer   ; Tanveer          ; Windows 10 ; 10.0       ; x86_64         ;
+----------------------+------------------+------------+------------+----------------+


------------
; Flow Log ;
------------
quartus_map --read_settings_files=on --write_settings_files=off plswork -c latch
quartus_fit --read_settings_files=off --write_settings_files=off plswork -c latch
quartus_asm --read_settings_files=off --write_settings_files=off plswork -c latch
quartus_sta plswork -c latch
quartus_eda --read_settings_files=off --write_settings_files=off plswork -c latch



